2021-04-06 18:26:54.447 [Thread-4] DEBUG app.server.comm.ServerRtspController - RTSP app.server.Server - Received from app.client.Client:
2021-04-06 18:26:54.451 [Thread-4] DEBUG app.server.comm.ServerRtspController - SETUP RTSP/1.0
2021-04-06 18:26:54.451 [Thread-4] DEBUG app.server.comm.ServerRtspController - CSeq: 2
2021-04-06 18:26:54.452 [Thread-4] DEBUG app.server.comm.ServerRtspController - Transport: RTP/UDP; client_port= 25000
2021-04-06 18:26:54.452 [Thread-4] DEBUG app.server.thread.ClientThread - New RTSP state: READY
2021-04-06 18:26:54.453 [Thread-4] DEBUG app.server.comm.ServerRtspController - RTSP app.server.Server - Sent response to app.client.Client.
2021-04-06 18:26:55.154 [Thread-4] DEBUG app.server.comm.ServerRtspController - RTSP app.server.Server - Received from app.client.Client:
2021-04-06 18:26:55.155 [Thread-4] DEBUG app.server.comm.ServerRtspController - PLAY RTSP/1.0
2021-04-06 18:26:55.155 [Thread-4] DEBUG app.server.comm.ServerRtspController - CSeq: 3
2021-04-06 18:26:55.155 [Thread-4] DEBUG app.server.comm.ServerRtspController - Session: 521a905a-76ef-48f2-9c70-7b8c9c37f364
2021-04-06 18:26:55.156 [Thread-4] DEBUG app.server.comm.ServerRtspController - RTSP app.server.Server - Sent response to app.client.Client.
2021-04-06 18:26:55.162 [Thread-4] DEBUG app.server.thread.ClientThread - New RTSP state: PLAYING
2021-04-06 18:26:55.169 [AWT-EventQueue-0] DEBUG app.server.audio.AudioSenderListener - Send frame #1, Frame size: 10000 (10000)
2021-04-06 18:26:55.315 [AWT-EventQueue-0] DEBUG app.server.audio.AudioSenderListener - Send frame #2, Frame size: 10000 (10000)
2021-04-06 18:26:55.470 [AWT-EventQueue-0] DEBUG app.server.audio.AudioSenderListener - Send frame #3, Frame size: 10000 (10000)
2021-04-06 18:26:55.623 [AWT-EventQueue-0] DEBUG app.server.audio.AudioSenderListener - Send frame #4, Frame size: 10000 (10000)
2021-04-06 18:26:55.778 [AWT-EventQueue-0] DEBUG app.server.audio.AudioSenderListener - Send frame #5, Frame size: 10000 (10000)
2021-04-06 18:26:55.932 [AWT-EventQueue-0] DEBUG app.server.audio.AudioSenderListener - Send frame #6, Frame size: 10000 (10000)
2021-04-06 18:26:56.085 [AWT-EventQueue-0] DEBUG app.server.audio.AudioSenderListener - Send frame #7, Frame size: 10000 (10000)
2021-04-06 18:26:56.238 [AWT-EventQueue-0] DEBUG app.server.audio.AudioSenderListener - Send frame #8, Frame size: 10000 (10000)
2021-04-06 18:26:56.391 [AWT-EventQueue-0] DEBUG app.server.audio.AudioSenderListener - Send frame #9, Frame size: 10000 (10000)
2021-04-06 18:26:56.546 [AWT-EventQueue-0] DEBUG app.server.audio.AudioSenderListener - Send frame #10, Frame size: 10000 (10000)
2021-04-06 18:26:56.716 [AWT-EventQueue-0] DEBUG app.server.audio.AudioSenderListener - Send frame #11, Frame size: 10000 (10000)
2021-04-06 18:26:56.855 [AWT-EventQueue-0] DEBUG app.server.audio.AudioSenderListener - Send frame #12, Frame size: 10000 (10000)
2021-04-06 18:26:57.009 [AWT-EventQueue-0] DEBUG app.server.audio.AudioSenderListener - Send frame #13, Frame size: 10000 (10000)
2021-04-06 18:26:57.159 [AWT-EventQueue-0] DEBUG app.server.audio.AudioSenderListener - Send frame #14, Frame size: 10000 (10000)
2021-04-06 18:26:57.309 [AWT-EventQueue-0] DEBUG app.server.audio.AudioSenderListener - Send frame #15, Frame size: 10000 (10000)
2021-04-06 18:26:57.464 [AWT-EventQueue-0] DEBUG app.server.audio.AudioSenderListener - Send frame #16, Frame size: 10000 (10000)
2021-04-06 18:26:57.617 [AWT-EventQueue-0] DEBUG app.server.audio.AudioSenderListener - Send frame #17, Frame size: 10000 (10000)
2021-04-06 18:26:57.769 [AWT-EventQueue-0] DEBUG app.server.audio.AudioSenderListener - Send frame #18, Frame size: 10000 (10000)
2021-04-06 18:26:57.924 [AWT-EventQueue-0] DEBUG app.server.audio.AudioSenderListener - Send frame #19, Frame size: 10000 (10000)
2021-04-06 18:26:57.925 [Thread-4] DEBUG app.server.comm.ServerRtspController - RTSP app.server.Server - Received from app.client.Client:
2021-04-06 18:26:57.926 [Thread-4] DEBUG app.server.comm.ServerRtspController - PAUSE RTSP/1.0
2021-04-06 18:26:57.926 [Thread-4] DEBUG app.server.comm.ServerRtspController - CSeq: 4
2021-04-06 18:26:57.926 [Thread-4] DEBUG app.server.comm.ServerRtspController - Session: 521a905a-76ef-48f2-9c70-7b8c9c37f364
2021-04-06 18:26:57.926 [Thread-4] DEBUG app.server.comm.ServerRtspController - RTSP app.server.Server - Sent response to app.client.Client.
2021-04-06 18:26:57.927 [Thread-4] DEBUG app.server.thread.ClientThread - New RTSP state: READY
2021-04-06 18:26:52.888 [AWT-EventQueue-0] DEBUG app.client.ClientFormController - Play Button pressed!
2021-04-06 18:26:54.431 [AWT-EventQueue-0] DEBUG app.client.ClientFormController - Setup Button pressed !
2021-04-06 18:26:54.454 [AWT-EventQueue-0] DEBUG app.client.ClientRtspController - RTSP app.client.Client - Received from app.server.Server:
2021-04-06 18:26:54.454 [AWT-EventQueue-0] DEBUG app.client.ClientRtspController - RTSP/1.0 200 OK
2021-04-06 18:26:54.455 [AWT-EventQueue-0] DEBUG app.client.ClientRtspController - CSeq: 2
2021-04-06 18:26:54.455 [AWT-EventQueue-0] DEBUG app.client.ClientRtspController - Session: 521a905a-76ef-48f2-9c70-7b8c9c37f364
2021-04-06 18:26:54.455 [AWT-EventQueue-0] DEBUG app.client.ClientFormController - New RTSP state: READY
2021-04-06 18:26:55.153 [AWT-EventQueue-0] DEBUG app.client.ClientFormController - Play Button pressed!
2021-04-06 18:26:55.156 [AWT-EventQueue-0] DEBUG app.client.ClientRtspController - RTSP app.client.Client - Received from app.server.Server:
2021-04-06 18:26:55.156 [AWT-EventQueue-0] DEBUG app.client.ClientRtspController - RTSP/1.0 200 OK
2021-04-06 18:26:55.157 [AWT-EventQueue-0] DEBUG app.client.ClientRtspController - CSeq: 3
2021-04-06 18:26:55.157 [AWT-EventQueue-0] DEBUG app.client.ClientRtspController - Session: 521a905a-76ef-48f2-9c70-7b8c9c37f364
2021-04-06 18:26:55.175 [AWT-EventQueue-0] DEBUG app.client.ClientFormController - New RTSP state: PLAYING
2021-04-06 18:26:55.320 [AWT-EventQueue-0] DEBUG app.client.AudioReceiver - Got RTP packet with SeqNum # 1 TimeStamp 150 ms, of type 26
2021-04-06 18:26:55.472 [AWT-EventQueue-0] DEBUG app.client.AudioReceiver - Got RTP packet with SeqNum # 2 TimeStamp 300 ms, of type 26
2021-04-06 18:26:55.623 [AWT-EventQueue-0] DEBUG app.client.AudioReceiver - Got RTP packet with SeqNum # 3 TimeStamp 450 ms, of type 26
2021-04-06 18:26:55.778 [AWT-EventQueue-0] DEBUG app.client.AudioReceiver - Got RTP packet with SeqNum # 4 TimeStamp 600 ms, of type 26
2021-04-06 18:26:55.931 [AWT-EventQueue-0] DEBUG app.client.AudioReceiver - Got RTP packet with SeqNum # 5 TimeStamp 750 ms, of type 26
2021-04-06 18:26:56.084 [AWT-EventQueue-0] DEBUG app.client.AudioReceiver - Got RTP packet with SeqNum # 6 TimeStamp 900 ms, of type 26
2021-04-06 18:26:56.237 [AWT-EventQueue-0] DEBUG app.client.AudioReceiver - Got RTP packet with SeqNum # 7 TimeStamp 1050 ms, of type 26
2021-04-06 18:26:56.390 [AWT-EventQueue-0] DEBUG app.client.AudioReceiver - Got RTP packet with SeqNum # 8 TimeStamp 1200 ms, of type 26
2021-04-06 18:26:56.545 [AWT-EventQueue-0] DEBUG app.client.AudioReceiver - Got RTP packet with SeqNum # 9 TimeStamp 1350 ms, of type 26
2021-04-06 18:26:56.700 [AWT-EventQueue-0] DEBUG app.client.AudioReceiver - Got RTP packet with SeqNum # 10 TimeStamp 1500 ms, of type 26
2021-04-06 18:26:56.855 [AWT-EventQueue-0] DEBUG app.client.AudioReceiver - Got RTP packet with SeqNum # 11 TimeStamp 1650 ms, of type 26
2021-04-06 18:26:57.009 [AWT-EventQueue-0] DEBUG app.client.AudioReceiver - Got RTP packet with SeqNum # 12 TimeStamp 1800 ms, of type 26
2021-04-06 18:26:57.159 [AWT-EventQueue-0] DEBUG app.client.AudioReceiver - Got RTP packet with SeqNum # 13 TimeStamp 1950 ms, of type 26
2021-04-06 18:26:57.309 [AWT-EventQueue-0] DEBUG app.client.AudioReceiver - Got RTP packet with SeqNum # 14 TimeStamp 2100 ms, of type 26
2021-04-06 18:26:57.464 [AWT-EventQueue-0] DEBUG app.client.AudioReceiver - Got RTP packet with SeqNum # 15 TimeStamp 2250 ms, of type 26
2021-04-06 18:26:57.616 [AWT-EventQueue-0] DEBUG app.client.AudioReceiver - Got RTP packet with SeqNum # 16 TimeStamp 2400 ms, of type 26
2021-04-06 18:26:57.769 [AWT-EventQueue-0] DEBUG app.client.AudioReceiver - Got RTP packet with SeqNum # 17 TimeStamp 2550 ms, of type 26
2021-04-06 18:26:57.923 [AWT-EventQueue-0] DEBUG app.client.AudioReceiver - Got RTP packet with SeqNum # 18 TimeStamp 2700 ms, of type 26
2021-04-06 18:26:57.924 [AWT-EventQueue-0] DEBUG app.client.ClientFormController - Pause Button pressed!
2021-04-06 18:26:57.927 [AWT-EventQueue-0] DEBUG app.client.ClientRtspController - RTSP app.client.Client - Received from app.server.Server:
2021-04-06 18:26:57.927 [AWT-EventQueue-0] DEBUG app.client.ClientRtspController - RTSP/1.0 200 OK
2021-04-06 18:26:57.927 [AWT-EventQueue-0] DEBUG app.client.ClientRtspController - CSeq: 4
2021-04-06 18:26:57.928 [AWT-EventQueue-0] DEBUG app.client.ClientRtspController - Session: 521a905a-76ef-48f2-9c70-7b8c9c37f364
2021-04-06 18:26:57.928 [AWT-EventQueue-0] DEBUG app.client.ClientFormController - New RTSP state: READY
2021-04-06 18:26:58.075 [AWT-EventQueue-0] DEBUG app.client.AudioReceiver - Got RTP packet with SeqNum # 19 TimeStamp 2850 ms, of type 26
2021-04-06 18:37:12.072 [AWT-EventQueue-0] DEBUG app.client.ClientFormController - Setup Button pressed !
2021-04-06 18:37:12.092 [AWT-EventQueue-0] DEBUG app.client.ClientRtspController - RTSP app.client.Client - Received from app.server.Server:
2021-04-06 18:37:12.092 [AWT-EventQueue-0] DEBUG app.client.ClientRtspController - RTSP/1.0 200 OK
2021-04-06 18:37:12.092 [AWT-EventQueue-0] DEBUG app.client.ClientRtspController - CSeq: 2
2021-04-06 18:37:12.093 [AWT-EventQueue-0] DEBUG app.client.ClientRtspController - Session: c0ec7bc2-8778-43bb-8abe-770769e4e790
2021-04-06 18:37:12.093 [AWT-EventQueue-0] DEBUG app.client.ClientFormController - New RTSP state: READY
2021-04-06 18:37:16.036 [AWT-EventQueue-0] DEBUG app.client.ClientFormController - Play Button pressed!
2021-04-06 18:37:16.039 [AWT-EventQueue-0] DEBUG app.client.ClientRtspController - RTSP app.client.Client - Received from app.server.Server:
2021-04-06 18:37:16.040 [AWT-EventQueue-0] DEBUG app.client.ClientRtspController - RTSP/1.0 200 OK
2021-04-06 18:37:16.040 [AWT-EventQueue-0] DEBUG app.client.ClientRtspController - CSeq: 3
2021-04-06 18:37:16.040 [AWT-EventQueue-0] DEBUG app.client.ClientRtspController - Session: c0ec7bc2-8778-43bb-8abe-770769e4e790
2021-04-06 18:37:16.046 [AWT-EventQueue-0] DEBUG app.client.ClientFormController - New RTSP state: PLAYING
2021-04-06 18:37:16.196 [AWT-EventQueue-0] DEBUG app.client.AudioReceiver - Got RTP packet with SeqNum # 1 TimeStamp 150 ms, of type 26
2021-04-06 18:37:16.345 [AWT-EventQueue-0] DEBUG app.client.AudioReceiver - Got RTP packet with SeqNum # 2 TimeStamp 300 ms, of type 26
2021-04-06 18:37:16.498 [AWT-EventQueue-0] DEBUG app.client.AudioReceiver - Got RTP packet with SeqNum # 3 TimeStamp 450 ms, of type 26
2021-04-06 18:37:16.652 [AWT-EventQueue-0] DEBUG app.client.AudioReceiver - Got RTP packet with SeqNum # 4 TimeStamp 600 ms, of type 26
2021-04-06 18:37:16.804 [AWT-EventQueue-0] DEBUG app.client.AudioReceiver - Got RTP packet with SeqNum # 5 TimeStamp 750 ms, of type 26
2021-04-06 18:37:16.958 [AWT-EventQueue-0] DEBUG app.client.AudioReceiver - Got RTP packet with SeqNum # 6 TimeStamp 900 ms, of type 26
2021-04-06 18:37:17.109 [AWT-EventQueue-0] DEBUG app.client.AudioReceiver - Got RTP packet with SeqNum # 7 TimeStamp 1050 ms, of type 26
2021-04-06 18:37:17.263 [AWT-EventQueue-0] DEBUG app.client.AudioReceiver - Got RTP packet with SeqNum # 8 TimeStamp 1200 ms, of type 26
2021-04-06 18:37:17.416 [AWT-EventQueue-0] DEBUG app.client.AudioReceiver - Got RTP packet with SeqNum # 9 TimeStamp 1350 ms, of type 26
2021-04-06 18:37:17.566 [AWT-EventQueue-0] DEBUG app.client.AudioReceiver - Got RTP packet with SeqNum # 10 TimeStamp 1500 ms, of type 26
2021-04-06 18:37:17.722 [AWT-EventQueue-0] DEBUG app.client.AudioReceiver - Got RTP packet with SeqNum # 11 TimeStamp 1650 ms, of type 26
2021-04-06 18:37:17.875 [AWT-EventQueue-0] DEBUG app.client.AudioReceiver - Got RTP packet with SeqNum # 12 TimeStamp 1800 ms, of type 26
2021-04-06 18:37:18.027 [AWT-EventQueue-0] DEBUG app.client.AudioReceiver - Got RTP packet with SeqNum # 13 TimeStamp 1950 ms, of type 26
2021-04-06 18:37:18.180 [AWT-EventQueue-0] DEBUG app.client.AudioReceiver - Got RTP packet with SeqNum # 14 TimeStamp 2100 ms, of type 26
2021-04-06 18:37:18.333 [AWT-EventQueue-0] DEBUG app.client.AudioReceiver - Got RTP packet with SeqNum # 15 TimeStamp 2250 ms, of type 26
2021-04-06 18:37:18.485 [AWT-EventQueue-0] DEBUG app.client.AudioReceiver - Got RTP packet with SeqNum # 16 TimeStamp 2400 ms, of type 26
2021-04-06 18:37:18.639 [AWT-EventQueue-0] DEBUG app.client.AudioReceiver - Got RTP packet with SeqNum # 17 TimeStamp 2550 ms, of type 26
2021-04-06 18:37:18.792 [AWT-EventQueue-0] DEBUG app.client.AudioReceiver - Got RTP packet with SeqNum # 18 TimeStamp 2700 ms, of type 26
2021-04-06 18:37:18.942 [AWT-EventQueue-0] DEBUG app.client.AudioReceiver - Got RTP packet with SeqNum # 19 TimeStamp 2850 ms, of type 26
2021-04-06 18:37:19.097 [AWT-EventQueue-0] DEBUG app.client.AudioReceiver - Got RTP packet with SeqNum # 20 TimeStamp 3000 ms, of type 26
2021-04-06 18:37:19.250 [AWT-EventQueue-0] DEBUG app.client.AudioReceiver - Got RTP packet with SeqNum # 21 TimeStamp 3150 ms, of type 26
2021-04-06 18:37:19.406 [AWT-EventQueue-0] DEBUG app.client.AudioReceiver - Got RTP packet with SeqNum # 22 TimeStamp 3300 ms, of type 26
2021-04-06 18:37:19.560 [AWT-EventQueue-0] DEBUG app.client.AudioReceiver - Got RTP packet with SeqNum # 23 TimeStamp 3450 ms, of type 26
2021-04-06 18:37:19.715 [AWT-EventQueue-0] DEBUG app.client.AudioReceiver - Got RTP packet with SeqNum # 24 TimeStamp 3600 ms, of type 26
2021-04-06 18:37:19.869 [AWT-EventQueue-0] DEBUG app.client.AudioReceiver - Got RTP packet with SeqNum # 25 TimeStamp 3750 ms, of type 26
2021-04-06 18:37:20.024 [AWT-EventQueue-0] DEBUG app.client.AudioReceiver - Got RTP packet with SeqNum # 26 TimeStamp 3900 ms, of type 26
2021-04-06 18:37:20.178 [AWT-EventQueue-0] DEBUG app.client.AudioReceiver - Got RTP packet with SeqNum # 27 TimeStamp 4050 ms, of type 26
2021-04-06 18:37:20.328 [AWT-EventQueue-0] DEBUG app.client.AudioReceiver - Got RTP packet with SeqNum # 28 TimeStamp 4200 ms, of type 26
2021-04-06 18:37:20.484 [AWT-EventQueue-0] DEBUG app.client.AudioReceiver - Got RTP packet with SeqNum # 29 TimeStamp 4350 ms, of type 26
2021-04-06 18:37:20.637 [AWT-EventQueue-0] DEBUG app.client.AudioReceiver - Got RTP packet with SeqNum # 30 TimeStamp 4500 ms, of type 26
2021-04-06 18:37:20.792 [AWT-EventQueue-0] DEBUG app.client.AudioReceiver - Got RTP packet with SeqNum # 31 TimeStamp 4650 ms, of type 26
2021-04-06 18:37:20.946 [AWT-EventQueue-0] DEBUG app.client.AudioReceiver - Got RTP packet with SeqNum # 32 TimeStamp 4800 ms, of type 26
2021-04-06 18:37:21.098 [AWT-EventQueue-0] DEBUG app.client.AudioReceiver - Got RTP packet with SeqNum # 33 TimeStamp 4950 ms, of type 26
2021-04-06 18:37:21.252 [AWT-EventQueue-0] DEBUG app.client.AudioReceiver - Got RTP packet with SeqNum # 34 TimeStamp 5100 ms, of type 26
2021-04-06 18:37:21.405 [AWT-EventQueue-0] DEBUG app.client.AudioReceiver - Got RTP packet with SeqNum # 35 TimeStamp 5250 ms, of type 26
2021-04-06 18:37:21.557 [AWT-EventQueue-0] DEBUG app.client.AudioReceiver - Got RTP packet with SeqNum # 36 TimeStamp 5400 ms, of type 26
2021-04-06 18:37:21.711 [AWT-EventQueue-0] DEBUG app.client.AudioReceiver - Got RTP packet with SeqNum # 37 TimeStamp 5550 ms, of type 26
2021-04-06 18:37:21.863 [AWT-EventQueue-0] DEBUG app.client.AudioReceiver - Got RTP packet with SeqNum # 38 TimeStamp 5700 ms, of type 26
2021-04-06 18:37:22.017 [AWT-EventQueue-0] DEBUG app.client.AudioReceiver - Got RTP packet with SeqNum # 39 TimeStamp 5850 ms, of type 26
2021-04-06 18:37:22.169 [AWT-EventQueue-0] DEBUG app.client.AudioReceiver - Got RTP packet with SeqNum # 40 TimeStamp 6000 ms, of type 26
2021-04-06 18:37:22.322 [AWT-EventQueue-0] DEBUG app.client.AudioReceiver - Got RTP packet with SeqNum # 41 TimeStamp 6150 ms, of type 26
2021-04-06 18:37:22.477 [AWT-EventQueue-0] DEBUG app.client.AudioReceiver - Got RTP packet with SeqNum # 42 TimeStamp 6300 ms, of type 26
2021-04-06 18:37:22.632 [AWT-EventQueue-0] DEBUG app.client.AudioReceiver - Got RTP packet with SeqNum # 43 TimeStamp 6450 ms, of type 26
2021-04-06 18:37:22.784 [AWT-EventQueue-0] DEBUG app.client.AudioReceiver - Got RTP packet with SeqNum # 44 TimeStamp 6600 ms, of type 26
2021-04-06 18:37:22.939 [AWT-EventQueue-0] DEBUG app.client.AudioReceiver - Got RTP packet with SeqNum # 45 TimeStamp 6750 ms, of type 26
2021-04-06 18:37:23.090 [AWT-EventQueue-0] DEBUG app.client.AudioReceiver - Got RTP packet with SeqNum # 46 TimeStamp 6900 ms, of type 26
2021-04-06 18:37:23.244 [AWT-EventQueue-0] DEBUG app.client.AudioReceiver - Got RTP packet with SeqNum # 47 TimeStamp 7050 ms, of type 26
2021-04-06 18:37:23.399 [AWT-EventQueue-0] DEBUG app.client.AudioReceiver - Got RTP packet with SeqNum # 48 TimeStamp 7200 ms, of type 26
2021-04-06 18:37:23.555 [AWT-EventQueue-0] DEBUG app.client.AudioReceiver - Got RTP packet with SeqNum # 49 TimeStamp 7350 ms, of type 26
2021-04-06 18:37:23.709 [AWT-EventQueue-0] DEBUG app.client.AudioReceiver - Got RTP packet with SeqNum 2021-04-06 18:37:12.087 [Thread-4] DEBUG app.server.comm.ServerRtspController - RTSP app.server.Server - Received from app.client.Client:
2021-04-06 18:37:12.089 [Thread-4] DEBUG app.server.comm.ServerRtspController - SETUP RTSP/1.0
2021-04-06 18:37:12.090 [Thread-4] DEBUG app.server.comm.ServerRtspController - CSeq: 2
2021-04-06 18:37:12.090 [Thread-4] DEBUG app.server.comm.ServerRtspController - Transport: RTP/UDP; client_port= 25000
2021-04-06 18:37:12.090 [Thread-4] DEBUG app.server.thread.ClientThread - New RTSP state: READY
2021-04-06 18:37:12.091 [Thread-4] DEBUG app.server.comm.ServerRtspController - RTSP app.server.Server - Sent response to app.client.Client.
2021-04-06 18:37:16.037 [Thread-4] DEBUG app.server.comm.ServerRtspController - RTSP app.server.Server - Received from app.client.Client:
2021-04-06 18:37:16.038 [Thread-4] DEBUG app.server.comm.ServerRtspController - PLAY RTSP/1.0
2021-04-06 18:37:16.038 [Thread-4] DEBUG app.server.comm.ServerRtspController - CSeq: 3
2021-04-06 18:37:16.038 [Thread-4] DEBUG app.server.comm.ServerRtspController - Session: c0ec7bc2-8778-43bb-8abe-770769e4e790
2021-04-06 18:37:16.039 [Thread-4] DEBUG app.server.comm.ServerRtspController - RTSP app.server.Server - Sent response to app.client.Client.
2021-04-06 18:37:16.044 [Thread-4] DEBUG app.server.thread.ClientThread - New RTSP state: PLAYING
2021-04-06 18:37:16.053 [AWT-EventQueue-0] DEBUG app.server.audio.AudioSenderListener - Send frame #1, Frame size: 10000 (10000)
2021-04-06 18:37:16.199 [AWT-EventQueue-0] DEBUG app.server.audio.AudioSenderListener - Send frame #2, Frame size: 10000 (10000)
2021-04-06 18:37:16.351 [AWT-EventQueue-0] DEBUG app.server.audio.AudioSenderListener - Send frame #3, Frame size: 10000 (10000)
2021-04-06 18:37:16.506 [AWT-EventQueue-0] DEBUG app.server.audio.AudioSenderListener - Send frame #4, Frame size: 10000 (10000)
2021-04-06 18:37:16.659 [AWT-EventQueue-0] DEBUG app.server.audio.AudioSenderListener - Send frame #5, Frame size: 10000 (10000)
2021-04-06 18:37:16.815 [AWT-EventQueue-0] DEBUG app.server.audio.AudioSenderListener - Send frame #6, Frame size: 10000 (10000)
2021-04-06 18:37:16.979 [AWT-EventQueue-0] DEBUG app.server.audio.AudioSenderListener - Send frame #7, Frame size: 10000 (10000)
2021-04-06 18:37:17.123 [AWT-EventQueue-0] DEBUG app.server.audio.AudioSenderListener - Send frame #8, Frame size: 10000 (10000)
2021-04-06 18:37:17.277 [AWT-EventQueue-0] DEBUG app.server.audio.AudioSenderListener - Send frame #9, Frame size: 10000 (10000)
2021-04-06 18:37:17.430 [AWT-EventQueue-0] DEBUG app.server.audio.AudioSenderListener - Send frame #10, Frame size: 10000 (10000)
2021-04-06 18:37:17.583 [AWT-EventQueue-0] DEBUG app.server.audio.AudioSenderListener - Send frame #11, Frame size: 10000 (10000)
2021-04-06 18:37:17.736 [AWT-EventQueue-0] DEBUG app.server.audio.AudioSenderListener - Send frame #12, Frame size: 10000 (10000)
2021-04-06 18:37:17.891 [AWT-EventQueue-0] DEBUG app.server.audio.AudioSenderListener - Send frame #13, Frame size: 10000 (10000)
2021-04-06 18:37:18.045 [AWT-EventQueue-0] DEBUG app.server.audio.AudioSenderListener - Send frame #14, Frame size: 10000 (10000)
2021-04-06 18:37:18.200 [AWT-EventQueue-0] DEBUG app.server.audio.AudioSenderListener - Send frame #15, Frame size: 10000 (10000)
2021-04-06 18:37:18.355 [AWT-EventQueue-0] DEBUG app.server.audio.AudioSenderListener - Send frame #16, Frame size: 10000 (10000)
2021-04-06 18:37:18.510 [AWT-EventQueue-0] DEBUG app.server.audio.AudioSenderListener - Send frame #17, Frame size: 10000 (10000)
2021-04-06 18:37:18.664 [AWT-EventQueue-0] DEBUG app.server.audio.AudioSenderListener - Send frame #18, Frame size: 10000 (10000)
2021-04-06 18:37:18.819 [AWT-EventQueue-0] DEBUG app.server.audio.AudioSenderListener - Send frame #19, Frame size: 10000 (10000)
2021-04-06 18:37:18.973 [AWT-EventQueue-0] DEBUG app.server.audio.AudioSenderListener - Send frame #20, Frame size: 10000 (10000)
2021-04-06 18:37:19.129 [AWT-EventQueue-0] DEBUG app.server.audio.AudioSenderListener - Send frame #21, Frame size: 10000 (10000)
2021-04-06 18:37:19.282 [AWT-EventQueue-0] DEBUG app.server.audio.AudioSenderListener - Send frame #22, Frame size: 10000 (10000)
2021-04-06 18:37:19.436 [AWT-EventQueue-0] DEBUG app.server.audio.AudioSenderListener - Send frame #23, Frame size: 10000 (10000)
2021-04-06 18:37:19.588 [AWT-EventQueue-0] DEBUG app.server.audio.AudioSenderListener - Send frame #24, Frame size: 10000 (10000)
2021-04-06 18:37:19.741 [AWT-EventQueue-0] DEBUG app.server.audio.AudioSenderListener - Send frame #25, Frame size: 10000 (10000)
2021-04-06 18:37:19.897 [AWT-EventQueue-0] DEBUG app.server.audio.AudioSenderListener - Send frame #26, Frame size: 10000 (10000)
2021-04-06 18:37:20.050 [AWT-EventQueue-0] DEBUG app.server.audio.AudioSenderListener - Send frame #27, Frame size: 10000 (10000)
2021-04-06 18:37:20.206 [AWT-EventQueue-0] DEBUG app.server.audio.AudioSenderListener - Send frame #28, Frame size: 10000 (10000)
2021-04-06 18:37:20.361 [AWT-EventQueue-0] DEBUG app.server.audio.AudioSenderListener - Send frame #29, Frame size: 10000 (10000)
2021-04-06 18:37:20.516 [AWT-EventQueue-0] DEBUG app.server.audio.AudioSenderListener - Send frame #30, Frame size: 10000 (10000)
2021-04-06 18:37:20.669 [AWT-EventQueue-0] DEBUG app.server.audio.AudioSenderListener - Send frame #31, Frame size: 10000 (10000)
2021-04-06 18:37:20.825 [AWT-EventQueue-0] DEBUG app.server.audio.AudioSenderListener - Send frame #32, Frame size: 10000 (10000)
2021-04-06 18:37:20.979 [AWT-EventQueue-0] DEBUG app.server.audio.AudioSenderListener - Send frame #33, Frame size: 10000 (10000)
2021-04-06 18:37:21.134 [AWT-EventQueue-0] DEBUG app.server.audio.AudioSenderListener - Send frame #34, Frame size: 10000 (10000)
2021-04-06 18:37:21.288 [AWT-EventQueue-0] DEBUG app.server.audio.AudioSenderListener - Send frame #35, Frame size: 10000 (10000)
2021-04-06 18:37:21.443 [AWT-EventQueue-0] DEBUG app.server.audio.AudioSenderListener - Send frame #36, Frame size: 10000 (10000)
2021-04-06 18:37:21.597 [AWT-EventQueue-0] DEBUG app.server.audio.AudioSenderListener - Send frame #37, Frame size: 10000 (10000)
2021-04-06 18:37:21.749 [AWT-EventQueue-0] DEBUG app.server.audio.AudioSenderListener - Send frame #38, Frame size: 10000 (10000)
2021-04-06 18:37:21.903 [AWT-EventQueue-0] DEBUG app.server.audio.AudioSenderListener - Send frame #39, Frame size: 10000 (10000)
2021-04-06 18:37:22.056 [AWT-EventQueue-0] DEBUG app.server.audio.AudioSenderListener - Send frame #40, Frame size: 10000 (10000)
2021-04-06 18:37:22.209 [AWT-EventQueue-0] DEBUG app.server.audio.AudioSenderListener - Send frame #41, Frame size: 10000 (10000)
2021-04-06 18:37:22.362 [AWT-EventQueue-0] DEBUG app.server.audio.AudioSenderListener - Send frame #42, Frame size: 10000 (10000)
2021-04-06 18:37:22.514 [AWT-EventQueue-0] DEBUG app.server.audio.AudioSenderListener - Send frame #43, Frame size: 10000 (10000)
2021-04-06 18:37:22.671 [AWT-EventQueue-0] DEBUG app.server.audio.AudioSenderListener - Send frame #44, Frame size: 10000 (10000)
2021-04-06 18:37:22.824 [AWT-EventQueue-0] DEBUG app.server.audio.AudioSenderListener - Send frame #45, Frame size: 10000 (10000)
2021-04-06 18:37:22.978 [AWT-EventQueue-0] DEBUG app.server.audio.AudioSenderListener - Send frame #46, Frame size: 10000 (10000)
2021-04-06 18:37:23.130 [AWT-EventQueue-0] DEBUG app.server.audio.AudioSenderListener - Send frame #47, Frame size: 10000 (10000)
2021-04-06 18:37:23.283 [AWT-EventQueue-0] DEBUG app.server.audio.AudioSenderListener - Send frame #48, Frame size: 10000 (10000)
2021-04-06 18:37:23.437 [AWT-EventQueue-0] DEBUG app.server.audio.AudioSenderListener - Send frame #49, Frame size: 10000 (10000)
2021-04-06 18:37:23.592 [AWT-EventQueue-0] DEBUG app.server.audio.AudioSenderListener - Send frame #50, Frame size: 10000 (10000)
2021-04-06 18:37:23.747 [AWT-EventQueue-0] DEBUG app.server.audio.AudioSenderListener - Send frame #51, Frame size: 10000 (10000)
2021-04-06 18:37:23.901 [AWT-EventQueue-0] DEBUG app.server.audio.AudioSenderListener - Send frame #52, Frame size: 10000 (10000)
2021-04-06 18:37:24.055 [AWT-EventQueue-0] DEBUG app.server.audio.AudioSenderLi# 50 TimeStamp 7500 ms, of type 26
2021-04-06 18:37:23.864 [AWT-EventQueue-0] DEBUG app.client.AudioReceiver - Got RTP packet with SeqNum # 51 TimeStamp 7650 ms, of type 26
2021-04-06 18:37:24.018 [AWT-EventQueue-0] DEBUG app.client.AudioReceiver - Got RTP packet with SeqNum # 52 TimeStamp 7800 ms, of type 26
2021-04-06 18:37:24.169 [AWT-EventQueue-0] DEBUG app.client.AudioReceiver - Got RTP packet with SeqNum # 53 TimeStamp 7950 ms, of type 26
2021-04-06 18:37:24.265 [AWT-EventQueue-0] DEBUG app.client.ClientFormController - Pause Button pressed!
2021-04-06 18:37:24.268 [AWT-EventQueue-0] DEBUG app.client.ClientRtspController - RTSP app.client.Client - Received from app.server.Server:
2021-04-06 18:37:24.268 [AWT-EventQueue-0] DEBUG app.client.ClientRtspController - RTSP/1.0 200 OK
2021-04-06 18:37:24.268 [AWT-EventQueue-0] DEBUG app.client.ClientRtspController - CSeq: 4
2021-04-06 18:37:24.268 [AWT-EventQueue-0] DEBUG app.client.ClientRtspController - Session: c0ec7bc2-8778-43bb-8abe-770769e4e790
2021-04-06 18:37:24.269 [AWT-EventQueue-0] DEBUG app.client.ClientFormController - New RTSP state: READY
2021-04-06 18:37:25.852 [AWT-EventQueue-0] DEBUG app.client.ClientFormController - Play Button pressed!
2021-04-06 18:37:25.854 [AWT-EventQueue-0] DEBUG app.client.ClientRtspController - RTSP app.client.Client - Received from app.server.Server:
2021-04-06 18:37:25.854 [AWT-EventQueue-0] DEBUG app.client.ClientRtspController - RTSP/1.0 200 OK
2021-04-06 18:37:25.854 [AWT-EventQueue-0] DEBUG app.client.ClientRtspController - CSeq: 5
2021-04-06 18:37:25.854 [AWT-EventQueue-0] DEBUG app.client.ClientRtspController - Session: c0ec7bc2-8778-43bb-8abe-770769e4e790
2021-04-06 18:37:25.855 [AWT-EventQueue-0] DEBUG app.client.ClientFormController - New RTSP state: PLAYING
2021-04-06 18:37:25.855 [AWT-EventQueue-0] DEBUG app.client.AudioReceiver - Got RTP packet with SeqNum # 54 TimeStamp 8100 ms, of type 26
2021-04-06 18:37:26.009 [AWT-EventQueue-0] DEBUG app.client.AudioReceiver - Got RTP packet with SeqNum # 55 TimeStamp 8250 ms, of type 26
2021-04-06 18:37:26.164 [AWT-EventQueue-0] DEBUG app.client.AudioReceiver - Got RTP packet with SeqNum # 56 TimeStamp 8400 ms, of type 26
2021-04-06 18:37:26.318 [AWT-EventQueue-0] DEBUG app.client.AudioReceiver - Got RTP packet with SeqNum # 57 TimeStamp 8550 ms, of type 26
2021-04-06 18:37:26.471 [AWT-EventQueue-0] DEBUG app.client.AudioReceiver - Got RTP packet with SeqNum # 58 TimeStamp 8700 ms, of type 26
2021-04-06 18:37:26.622 [AWT-EventQueue-0] DEBUG app.client.AudioReceiver - Got RTP packet with SeqNum # 59 TimeStamp 8850 ms, of type 26
2021-04-06 18:37:26.777 [AWT-EventQueue-0] DEBUG app.client.AudioReceiver - Got RTP packet with SeqNum # 60 TimeStamp 9000 ms, of type 26
2021-04-06 18:37:26.851 [AWT-EventQueue-0] DEBUG app.client.ClientFormController - Pause Button pressed!
2021-04-06 18:37:26.854 [AWT-EventQueue-0] DEBUG app.client.ClientRtspController - RTSP app.client.Client - Received from app.server.Server:
2021-04-06 18:37:26.854 [AWT-EventQueue-0] DEBUG app.client.ClientRtspController - RTSP/1.0 200 OK
2021-04-06 18:37:26.854 [AWT-EventQueue-0] DEBUG app.client.ClientRtspController - CSeq: 6
2021-04-06 18:37:26.855 [AWT-EventQueue-0] DEBUG app.client.ClientRtspController - Session: c0ec7bc2-8778-43bb-8abe-770769e4e790
2021-04-06 18:37:26.855 [AWT-EventQueue-0] DEBUG app.client.ClientFormController - New RTSP state: READY
2021-04-06 18:37:32.288 [AWT-EventQueue-0] DEBUG app.client.ClientFormController - Play Button pressed!
2021-04-06 18:37:32.290 [AWT-EventQueue-0] DEBUG app.client.ClientRtspController - RTSP app.client.Client - Received from app.server.Server:
2021-04-06 18:37:32.290 [AWT-EventQueue-0] DEBUG app.client.ClientRtspController - RTSP/1.0 200 OK
2021-04-06 18:37:32.290 [AWT-EventQueue-0] DEBUG app.client.ClientRtspController - CSeq: 7
2021-04-06 18:37:32.290 [AWT-EventQueue-0] DEBUG app.client.ClientRtspController - Session: c0ec7bc2-8778-43bb-8abe-770769e4e790
2021-04-06 18:37:32.291 [AWT-EventQueue-0] DEBUG app.client.ClientFormController - New RTSP state: PLAYING
2021-04-06 18:37:32.291 [AWT-EventQueue-0] DEBUG app.client.AudioReceiver - Got RTP packet with SeqNum # 61 TimeStamp 9150 ms, of type 26
2021-04-06 18:37:32.445 [AWT-EventQueue-0] DEBUG app.client.AudioReceiver - Got RTP packet with SeqNum # 62 TimeStamp 9300 ms, of type 26
2021-04-06 18:37:32.599 [AWT-EventQueue-0] DEBUG app.client.AudioReceiver - Got RTP packet with SeqNum # 63 TimeStamp 9450 ms, of type 26
2021-04-06 18:37:32.754 [AWT-EventQueue-0] DEBUG app.client.AudioReceiver - Got RTP packet with SeqNum # 64 TimeStamp 9600 ms, of type 26
2021-04-06 18:37:32.907 [AWT-EventQueue-0] DEBUG app.client.AudioReceiver - Got RTP packet with SeqNum # 65 TimeStamp 9750 ms, of type 26
2021-04-06 18:37:33.060 [AWT-EventQueue-0] DEBUG app.client.AudioReceiver - Got RTP packet with SeqNum # 66 TimeStamp 9900 ms, of type 26
2021-04-06 18:37:33.213 [AWT-EventQueue-0] DEBUG app.client.AudioReceiver - Got RTP packet with SeqNum # 67 TimeStamp 10050 ms, of type 26
2021-04-06 18:37:33.353 [AWT-EventQueue-0] DEBUG app.client.ClientFormController - Pause Button pressed!
2021-04-06 18:37:33.356 [AWT-EventQueue-0] DEBUG app.client.ClientRtspController - RTSP app.client.Client - Received from app.server.Server:
2021-04-06 18:37:33.356 [AWT-EventQueue-0] DEBUG app.client.ClientRtspController - RTSP/1.0 200 OK
2021-04-06 18:37:33.356 [AWT-EventQueue-0] DEBUG app.client.ClientRtspController - CSeq: 8
2021-04-06 18:37:33.356 [AWT-EventQueue-0] DEBUG app.client.ClientRtspController - Session: c0ec7bc2-8778-43bb-8abe-770769e4e790
2021-04-06 18:37:33.357 [AWT-EventQueue-0] DEBUG app.client.ClientFormController - New RTSP state: READY
2021-04-06 18:37:34.015 [AWT-EventQueue-0] DEBUG app.client.ClientFormController - Teardown Button pressed !
2021-04-06 18:37:34.018 [AWT-EventQueue-0] DEBUG app.client.ClientRtspController - RTSP app.client.Client - Received from app.server.Server:
2021-04-06 18:37:34.018 [AWT-EventQueue-0] DEBUG app.client.ClientRtspController - RTSP/1.0 200 OK
2021-04-06 18:37:34.019 [AWT-EventQueue-0] DEBUG app.client.ClientRtspController - CSeq: 9
2021-04-06 18:37:34.019 [AWT-EventQueue-0] DEBUG app.client.ClientRtspController - Session: c0ec7bc2-8778-43bb-8abe-770769e4e790
2021-04-06 18:37:34.019 [AWT-EventQueue-0] DEBUG app.client.ClientFormController - New RTSP state: INIT
stener - Send frame #53, Frame size: 10000 (10000)
2021-04-06 18:37:24.207 [AWT-EventQueue-0] DEBUG app.server.audio.AudioSenderListener - Send frame #54, Frame size: 10000 (10000)
2021-04-06 18:37:24.266 [Thread-4] DEBUG app.server.comm.ServerRtspController - RTSP app.server.Server - Received from app.client.Client:
2021-04-06 18:37:24.267 [Thread-4] DEBUG app.server.comm.ServerRtspController - PAUSE RTSP/1.0
2021-04-06 18:37:24.267 [Thread-4] DEBUG app.server.comm.ServerRtspController - CSeq: 4
2021-04-06 18:37:24.267 [Thread-4] DEBUG app.server.comm.ServerRtspController - Session: c0ec7bc2-8778-43bb-8abe-770769e4e790
2021-04-06 18:37:24.268 [Thread-4] DEBUG app.server.comm.ServerRtspController - RTSP app.server.Server - Sent response to app.client.Client.
2021-04-06 18:37:24.268 [Thread-4] DEBUG app.server.thread.ClientThread - New RTSP state: READY
2021-04-06 18:37:25.853 [Thread-4] DEBUG app.server.comm.ServerRtspController - RTSP app.server.Server - Received from app.client.Client:
2021-04-06 18:37:25.853 [Thread-4] DEBUG app.server.comm.ServerRtspController - PLAY RTSP/1.0
2021-04-06 18:37:25.853 [Thread-4] DEBUG app.server.comm.ServerRtspController - CSeq: 5
2021-04-06 18:37:25.853 [Thread-4] DEBUG app.server.comm.ServerRtspController - Session: c0ec7bc2-8778-43bb-8abe-770769e4e790
2021-04-06 18:37:25.853 [Thread-4] DEBUG app.server.comm.ServerRtspController - RTSP app.server.Server - Sent response to app.client.Client.
2021-04-06 18:37:25.854 [Thread-4] DEBUG app.server.thread.ClientThread - New RTSP state: PLAYING
2021-04-06 18:37:25.855 [AWT-EventQueue-0] DEBUG app.server.audio.AudioSenderListener - Send frame #55, Frame size: 10000 (10000)
2021-04-06 18:37:26.011 [AWT-EventQueue-0] DEBUG app.server.audio.AudioSenderListener - Send frame #56, Frame size: 10000 (10000)
2021-04-06 18:37:26.165 [AWT-EventQueue-0] DEBUG app.server.audio.AudioSenderListener - Send frame #57, Frame size: 10000 (10000)
2021-04-06 18:37:26.319 [AWT-EventQueue-0] DEBUG app.server.audio.AudioSenderListener - Send frame #58, Frame size: 10000 (10000)
2021-04-06 18:37:26.471 [AWT-EventQueue-0] DEBUG app.server.audio.AudioSenderListener - Send frame #59, Frame size: 10000 (10000)
2021-04-06 18:37:26.623 [AWT-EventQueue-0] DEBUG app.server.audio.AudioSenderListener - Send frame #60, Frame size: 10000 (10000)
2021-04-06 18:37:26.778 [AWT-EventQueue-0] DEBUG app.server.audio.AudioSenderListener - Send frame #61, Frame size: 10000 (10000)
2021-04-06 18:37:26.852 [Thread-4] DEBUG app.server.comm.ServerRtspController - RTSP app.server.Server - Received from app.client.Client:
2021-04-06 18:37:26.853 [Thread-4] DEBUG app.server.comm.ServerRtspController - PAUSE RTSP/1.0
2021-04-06 18:37:26.853 [Thread-4] DEBUG app.server.comm.ServerRtspController - CSeq: 6
2021-04-06 18:37:26.853 [Thread-4] DEBUG app.server.comm.ServerRtspController - Session: c0ec7bc2-8778-43bb-8abe-770769e4e790
2021-04-06 18:37:26.853 [Thread-4] DEBUG app.server.comm.ServerRtspController - RTSP app.server.Server - Sent response to app.client.Client.
2021-04-06 18:37:26.854 [Thread-4] DEBUG app.server.thread.ClientThread - New RTSP state: READY
2021-04-06 18:37:32.288 [Thread-4] DEBUG app.server.comm.ServerRtspController - RTSP app.server.Server - Received from app.client.Client:
2021-04-06 18:37:32.289 [Thread-4] DEBUG app.server.comm.ServerRtspController - PLAY RTSP/1.0
2021-04-06 18:37:32.289 [Thread-4] DEBUG app.server.comm.ServerRtspController - CSeq: 7
2021-04-06 18:37:32.289 [Thread-4] DEBUG app.server.comm.ServerRtspController - Session: c0ec7bc2-8778-43bb-8abe-770769e4e790
2021-04-06 18:37:32.289 [Thread-4] DEBUG app.server.comm.ServerRtspController - RTSP app.server.Server - Sent response to app.client.Client.
2021-04-06 18:37:32.290 [Thread-4] DEBUG app.server.thread.ClientThread - New RTSP state: PLAYING
2021-04-06 18:37:32.292 [AWT-EventQueue-0] DEBUG app.server.audio.AudioSenderListener - Send frame #62, Frame size: 10000 (10000)
2021-04-06 18:37:32.447 [AWT-EventQueue-0] DEBUG app.server.audio.AudioSenderListener - Send frame #63, Frame size: 10000 (10000)
2021-04-06 18:37:32.600 [AWT-EventQueue-0] DEBUG app.server.audio.AudioSenderListener - Send frame #64, Frame size: 10000 (10000)
2021-04-06 18:37:32.755 [AWT-EventQueue-0] DEBUG app.server.audio.AudioSenderListener - Send frame #65, Frame size: 10000 (10000)
2021-04-06 18:37:32.907 [AWT-EventQueue-0] DEBUG app.server.audio.AudioSenderListener - Send frame #66, Frame size: 10000 (10000)
2021-04-06 18:37:33.060 [AWT-EventQueue-0] DEBUG app.server.audio.AudioSenderListener - Send frame #67, Frame size: 10000 (10000)
2021-04-06 18:37:33.214 [AWT-EventQueue-0] DEBUG app.server.audio.AudioSenderListener - Send frame #68, Frame size: 10000 (10000)
2021-04-06 18:37:33.354 [Thread-4] DEBUG app.server.comm.ServerRtspController - RTSP app.server.Server - Received from app.client.Client:
2021-04-06 18:37:33.355 [Thread-4] DEBUG app.server.comm.ServerRtspController - PAUSE RTSP/1.0
2021-04-06 18:37:33.355 [Thread-4] DEBUG app.server.comm.ServerRtspController - CSeq: 8
2021-04-06 18:37:33.355 [Thread-4] DEBUG app.server.comm.ServerRtspController - Session: c0ec7bc2-8778-43bb-8abe-770769e4e790
2021-04-06 18:37:33.355 [Thread-4] DEBUG app.server.comm.ServerRtspController - RTSP app.server.Server - Sent response to app.client.Client.
2021-04-06 18:37:33.356 [Thread-4] DEBUG app.server.thread.ClientThread - New RTSP state: READY
2021-04-06 18:37:34.016 [Thread-4] DEBUG app.server.comm.ServerRtspController - RTSP app.server.Server - Received from app.client.Client:
2021-04-06 18:37:34.017 [Thread-4] DEBUG app.server.comm.ServerRtspController - TEARDOWN RTSP/1.0
2021-04-06 18:37:34.017 [Thread-4] DEBUG app.server.comm.ServerRtspController - CSeq: 9
2021-04-06 18:37:34.017 [Thread-4] DEBUG app.server.comm.ServerRtspController - Session: c0ec7bc2-8778-43bb-8abe-770769e4e790
2021-04-06 18:37:34.018 [Thread-4] DEBUG app.server.comm.ServerRtspController - RTSP app.server.Server - Sent response to app.client.Client.
